Octopus Thu 27 Jul 2023 10:30:42 PM EDT
--force-Octapus Thu 27 Jul 2023 10:33:45 PM EDT
--force-badname Octopus Octopus Prime Thu 27 Jul 2023 10:35:27 PM EDT
--force-badname Octopus Thu 27 Jul 2023 10:36:04 PM EDT
Welcome message sent to Mansi Joshi at Fri 28 Jul 2023 12:26:24 PM EDT
Welcome message sent to Hamza at Fri 28 Jul 2023 12:26:45 PM EDT
HAHAHA LALALA Fri 28 Jul 2023 12:31:12 PM EDT
HAHAH_LALA Fri 28 Jul 2023 12:32:17 PM EDT
HAHAA LALA --force-badname Fri 28 Jul 2023 12:33:10 PM EDT
Welcome message sent to Hamza at Fri 28 Jul 2023 12:44:20 PM EDT
joshi mansi Fri 28 Jul 2023 01:03:30 PM EDT
Welcome message sent to masni at Fri 28 Jul 2023 01:03:50 PM EDT
Hamada Hamada Hilal Fri 28 Jul 2023 01:15:45 PM EDT
Hamada_Hamadaa_Hilal Fri 28 Jul 2023 01:16:41 PM EDT
--force-badname Fri 28 Jul 2023 01:17:01 PM EDT
--force-badname Hamada Hamada Hilal Fri 28 Jul 2023 01:17:30 PM EDT
tim account expiry set to 2023-07-28 at Fri 28 Jul 2023 01:24:16 PM EDT
tim deleted at Fri 28 Jul 2023 01:24:35 PM EDT
Orphaned home directory: 
John doe Fri 28 Jul 2023 01:27:23 PM EDT
Welcome message sent to hamza at Fri 28 Jul 2023 01:31:03 PM EDT
Welcome message sent to hamza at Fri 28 Jul 2023 01:31:29 PM EDT
testuser Sat 29 Jul 2023 08:06:07 PM EDT
Welcome message sent to hamza at Sat 29 Jul 2023 08:06:19 PM EDT
testuser account expiry set to 2023-07-30 at Sat 29 Jul 2023 08:07:23 PM EDT
Welcome message sent to hamza at Sat 29 Jul 2023 08:08:33 PM EDT
Welcome message sent to hamza at Sat 29 Jul 2023 08:09:01 PM EDT
Welcome message sent to hamza at Sat 29 Jul 2023 08:09:59 PM EDT
testingusers Mon 31 Jul 2023 11:34:21 AM EDT
Welcome message sent to hamza at Mon 31 Jul 2023 11:35:29 AM EDT
testuser account expiry set to 2023-07-31 at Mon 31 Jul 2023 11:35:54 AM EDT
testingusers deleted at Mon 31 Jul 2023 11:36:48 AM EDT
Orphaned home directory: 
Welcome message sent to hamza at Mon 31 Jul 2023 11:40:25 AM EDT
Group 'testing' created at Mon 31 Jul 2023 01:55:18 PM EDT
User 'hamza' added to Group 'testing' at Mon 31 Jul 2023 01:57:38 PM EDT
User 'mansi' added to Group 'testing' at Mon 31 Jul 2023 01:58:02 PM EDT
User 'mansi' removed from Group 'testing' at Mon 31 Jul 2023 01:58:43 PM EDT
User 'mansi' added to Group 'testing' at Mon 31 Jul 2023 02:40:38 PM EDT
User 'bob' added to Group 'testing' at Mon 31 Jul 2023 02:43:28 PM EDT
bob deleted at Mon 31 Jul 2023 02:45:32 PM EDT
Orphaned home directory: 
testuser deleted at Mon 31 Jul 2023 02:45:54 PM EDT
Orphaned home directory: 
Group 'tomatotest' created at Mon 31 Jul 2023 03:11:32 PM EDT
User 'mansi' added to Group 'tomatotesting' at Mon 31 Jul 2023 03:12:14 PM EDT
User 'mansi' added to Group 'tomatotest' at Mon 31 Jul 2023 03:12:41 PM EDT
Group 'tomatotest' deleted at Mon 31 Jul 2023 03:13:40 PM EDT
Group 'testing' deleted at Mon 31 Jul 2023 03:14:04 PM EDT
Welcome message sent to hamza at Mon 31 Jul 2023 03:15:00 PM EDT
bobthebuilder Mon 31 Jul 2023 03:35:55 PM EDT
bobthebuilder deleted at Mon 31 Jul 2023 03:36:18 PM EDT
Orphaned home directory: 
